{"numTotalTestSuites":45,"numPassedTestSuites":45,"numFailedTestSuites":0,"numPendingTestSuites":0,"numTotalTests":110,"numPassedTests":110,"numFailedTests":0,"numPendingTests":0,"numTodoTests":0,"snapshot":{"added":0,"failure":false,"filesAdded":0,"filesRemoved":0,"filesRemovedList":[],"filesUnmatched":0,"filesUpdated":0,"matched":0,"total":0,"unchecked":0,"uncheckedKeysByFile":[],"unmatched":0,"updated":0,"didUpdate":false},"startTime":1773956585891,"success":true,"testResults":[{"assertionResults":[{"ancestorTitles":["csrfMiddleware","safe methods — should always pass through"],"fullName":"csrfMiddleware safe methods — should always pass through should call next() for GET without the header","status":"passed","title":"should call next() for GET without the header","duration":1.5212000000000216,"failureMessages":[],"meta":{},"tags":[]},{"ancestorTitles":["csrfMiddleware","safe methods — should always pass through"],"fullName":"csrfMiddleware safe methods — should always pass through should call next() for HEAD without the header","status":"passed","title":"should call next() for HEAD without the header","duration":0.1758000000000095,"failureMessages":[],"meta":{},"tags":[]},{"ancestorTitles":["csrfMiddleware","safe methods — should always pass through"],"fullName":"csrfMiddleware safe methods — should always pass through should call next() for OPTIONS without the header","status":"passed","title":"should call next() for OPTIONS without the header","duration":0.14479999999997517,"failureMessages":[],"meta":{},"tags":[]},{"ancestorTitles":["csrfMiddleware","mutating methods — should require the CSRF header"],"fullName":"csrfMiddleware mutating methods — should require the CSRF header should return 403 for POST with no CSRF header","status":"passed","title":"should return 403 for POST with no CSRF header","duration":0.33039999999999736,"failureMessages":[],"meta":{},"tags":[]},{"ancestorTitles":["csrfMiddleware","mutating methods — should require the CSRF header"],"fullName":"csrfMiddleware mutating methods — should require the CSRF header should return 403 for POST with wrong header value","status":"passed","title":"should return 403 for POST with wrong header value","duration":0.16550000000000864,"failureMessages":[],"meta":{},"tags":[]},{"ancestorTitles":["csrfMiddleware","mutating methods — should require the CSRF header"],"fullName":"csrfMiddleware mutating methods — should require the CSRF header should call next() for POST with correct CSRF header","status":"passed","title":"should call next() for POST with correct CSRF header","duration":0.15459999999998786,"failureMessages":[],"meta":{},"tags":[]},{"ancestorTitles":["csrfMiddleware","mutating methods — should require the CSRF header"],"fullName":"csrfMiddleware mutating methods — should require the CSRF header should return 403 for PUT with no CSRF header","status":"passed","title":"should return 403 for PUT with no CSRF header","duration":0.11830000000000496,"failureMessages":[],"meta":{},"tags":[]},{"ancestorTitles":["csrfMiddleware","mutating methods — should require the CSRF header"],"fullName":"csrfMiddleware mutating methods — should require the CSRF header should return 403 for PUT with wrong header value","status":"passed","title":"should return 403 for PUT with wrong header value","duration":0.11979999999999791,"failureMessages":[],"meta":{},"tags":[]},{"ancestorTitles":["csrfMiddleware","mutating methods — should require the CSRF header"],"fullName":"csrfMiddleware mutating methods — should require the CSRF header should call next() for PUT with correct CSRF header","status":"passed","title":"should call next() for PUT with correct CSRF header","duration":0.36959999999999127,"failureMessages":[],"meta":{},"tags":[]},{"ancestorTitles":["csrfMiddleware","mutating methods — should require the CSRF header"],"fullName":"csrfMiddleware mutating methods — should require the CSRF header should return 403 for PATCH with no CSRF header","status":"passed","title":"should return 403 for PATCH with no CSRF header","duration":0.13289999999997804,"failureMessages":[],"meta":{},"tags":[]},{"ancestorTitles":["csrfMiddleware","mutating methods — should require the CSRF header"],"fullName":"csrfMiddleware mutating methods — should require the CSRF header should return 403 for PATCH with wrong header value","status":"passed","title":"should return 403 for PATCH with wrong header value","duration":0.10429999999999495,"failureMessages":[],"meta":{},"tags":[]},{"ancestorTitles":["csrfMiddleware","mutating methods — should require the CSRF header"],"fullName":"csrfMiddleware mutating methods — should require the CSRF header should call next() for PATCH with correct CSRF header","status":"passed","title":"should call next() for PATCH with correct CSRF header","duration":0.07290000000000418,"failureMessages":[],"meta":{},"tags":[]},{"ancestorTitles":["csrfMiddleware","mutating methods — should require the CSRF header"],"fullName":"csrfMiddleware mutating methods — should require the CSRF header should return 403 for DELETE with no CSRF header","status":"passed","title":"should return 403 for DELETE with no CSRF header","duration":0.054100000000005366,"failureMessages":[],"meta":{},"tags":[]},{"ancestorTitles":["csrfMiddleware","mutating methods — should require the CSRF header"],"fullName":"csrfMiddleware mutating methods — should require the CSRF header should return 403 for DELETE with wrong header value","status":"passed","title":"should return 403 for DELETE with wrong header value","duration":0.06790000000000873,"failureMessages":[],"meta":{},"tags":[]},{"ancestorTitles":["csrfMiddleware","mutating methods — should require the CSRF header"],"fullName":"csrfMiddleware mutating methods — should require the CSRF header should call next() for DELETE with correct CSRF header","status":"passed","title":"should call next() for DELETE with correct CSRF header","duration":0.07240000000001601,"failureMessages":[],"meta":{},"tags":[]},{"ancestorTitles":["csrfMiddleware","error cases"],"fullName":"csrfMiddleware error cases should return 403 when header value is empty string","status":"passed","title":"should return 403 when header value is empty string","duration":0.12280000000001223,"failureMessages":[],"meta":{},"tags":[]},{"ancestorTitles":["csrfMiddleware","error cases"],"fullName":"csrfMiddleware error cases should return 403 when header value is case-variant (ClaudeCodemanager)","status":"passed","title":"should return 403 when header value is case-variant (ClaudeCodemanager)","duration":0.07200000000000273,"failureMessages":[],"meta":{},"tags":[]},{"ancestorTitles":["csrfMiddleware","error cases"],"fullName":"csrfMiddleware error cases should exempt WebSocket upgrade requests","status":"passed","title":"should exempt WebSocket upgrade requests","duration":0.05839999999997758,"failureMessages":[],"meta":{},"tags":[]},{"ancestorTitles":["csrfMiddleware","response body"],"fullName":"csrfMiddleware response body should return { error: \"CSRF validation failed\" } on rejection","status":"passed","title":"should return { error: \"CSRF validation failed\" } on rejection","duration":0.38700000000000045,"failureMessages":[],"meta":{},"tags":[]}],"startTime":1773956586530,"endTime":1773956586534.387,"status":"passed","message":"","name":"C:/Users/arman/Downloads/Test workflows/server/tests/csrf.test.js"},{"assertionResults":[{"ancestorTitles":["FileManager","validatePath — path traversal rejection"],"fullName":"FileManager validatePath — path traversal rejection should accept a path directly inside allowedBase","status":"passed","title":"should accept a path directly inside allowedBase","duration":3.068299999999965,"failureMessages":[],"meta":{},"tags":[]},{"ancestorTitles":["FileManager","validatePath — path traversal rejection"],"fullName":"FileManager validatePath — path traversal rejection should accept a deeply nested path inside allowedBase","status":"passed","title":"should accept a deeply nested path inside allowedBase","duration":1.6263000000000147,"failureMessages":[],"meta":{},"tags":[]},{"ancestorTitles":["FileManager","validatePath — path traversal rejection"],"fullName":"FileManager validatePath — path traversal rejection should accept allowedBase itself as the path","status":"passed","title":"should accept allowedBase itself as the path","duration":0.9257000000000062,"failureMessages":[],"meta":{},"tags":[]},{"ancestorTitles":["FileManager","validatePath — path traversal rejection"],"fullName":"FileManager validatePath — path traversal rejection should reject a path using ../../../etc/passwd traversal","status":"passed","title":"should reject a path using ../../../etc/passwd traversal","duration":1.1476999999999862,"failureMessages":[],"meta":{},"tags":[]},{"ancestorTitles":["FileManager","validatePath — path traversal rejection"],"fullName":"FileManager validatePath — path traversal rejection should reject a path that shares a prefix but escapes the base directory","status":"passed","title":"should reject a path that shares a prefix but escapes the base directory","duration":1.001199999999983,"failureMessages":[],"meta":{},"tags":[]},{"ancestorTitles":["FileManager","validatePath — path traversal rejection"],"fullName":"FileManager validatePath — path traversal rejection should reject an absolute path outside allowedBase","status":"passed","title":"should reject an absolute path outside allowedBase","duration":0.9058999999999742,"failureMessages":[],"meta":{},"tags":[]},{"ancestorTitles":["FileManager","validatePath — path traversal rejection"],"fullName":"FileManager validatePath — path traversal rejection should return the resolved absolute path on success","status":"passed","title":"should return the resolved absolute path on success","duration":1.2293000000000234,"failureMessages":[],"meta":{},"tags":[]},{"ancestorTitles":["FileManager","readFile"],"fullName":"FileManager readFile should read an existing file","status":"passed","title":"should read an existing file","duration":2.682700000000011,"failureMessages":[],"meta":{},"tags":[]},{"ancestorTitles":["FileManager","readFile"],"fullName":"FileManager readFile should throw ENOENT for a non-existent file","status":"passed","title":"should throw ENOENT for a non-existent file","duration":2.2468000000000075,"failureMessages":[],"meta":{},"tags":[]},{"ancestorTitles":["FileManager","readFile"],"fullName":"FileManager readFile should reject path traversal on read","status":"passed","title":"should reject path traversal on read","duration":0.9565000000000055,"failureMessages":[],"meta":{},"tags":[]},{"ancestorTitles":["FileManager","writeFile"],"fullName":"FileManager writeFile should write content to a new file atomically","status":"passed","title":"should write content to a new file atomically","duration":6.462299999999971,"failureMessages":[],"meta":{},"tags":[]},{"ancestorTitles":["FileManager","writeFile"],"fullName":"FileManager writeFile should create parent directories if they do not exist","status":"passed","title":"should create parent directories if they do not exist","duration":7.5160999999999945,"failureMessages":[],"meta":{},"tags":[]},{"ancestorTitles":["FileManager","writeFile"],"fullName":"FileManager writeFile should overwrite an existing file","status":"passed","title":"should overwrite an existing file","duration":7.145399999999995,"failureMessages":[],"meta":{},"tags":[]},{"ancestorTitles":["FileManager","writeFile"],"fullName":"FileManager writeFile should reject path traversal on write","status":"passed","title":"should reject path traversal on write","duration":0.9209999999999923,"failureMessages":[],"meta":{},"tags":[]},{"ancestorTitles":["FileManager","listDirectory"],"fullName":"FileManager listDirectory should list files in a directory","status":"passed","title":"should list files in a directory","duration":2.185699999999997,"failureMessages":[],"meta":{},"tags":[]},{"ancestorTitles":["FileManager","listDirectory"],"fullName":"FileManager listDirectory should return empty array for non-existent directory","status":"passed","title":"should return empty array for non-existent directory","duration":0.9956000000000245,"failureMessages":[],"meta":{},"tags":[]}],"startTime":1773956586543,"endTime":1773956586584.9956,"status":"passed","message":"","name":"C:/Users/arman/Downloads/Test workflows/server/tests/FileManager.test.js"},{"assertionResults":[{"ancestorTitles":["JobRunner","startJob"],"fullName":"JobRunner startJob should throw if claudeBin is not set","status":"passed","title":"should throw if claudeBin is not set","duration":1.6447999999999752,"failureMessages":[],"meta":{},"tags":[]},{"ancestorTitles":["JobRunner","startJob"],"fullName":"JobRunner startJob should return a jobId and createdAt immediately","status":"passed","title":"should return a jobId and createdAt immediately","duration":1.794399999999996,"failureMessages":[],"meta":{},"tags":[]},{"ancestorTitles":["JobRunner","startJob"],"fullName":"JobRunner startJob should call child.stdin.end() immediately — hang prevention (DEC-005)","status":"passed","title":"should call child.stdin.end() immediately — hang prevention (DEC-005)","duration":1.1730000000000018,"failureMessages":[],"meta":{},"tags":[]},{"ancestorTitles":["JobRunner","startJob"],"fullName":"JobRunner startJob should spawn with shell: false (SEC-02)","status":"passed","title":"should spawn with shell: false (SEC-02)","duration":0.5742000000000189,"failureMessages":[],"meta":{},"tags":[]},{"ancestorTitles":["JobRunner","startJob"],"fullName":"JobRunner startJob should record the job in listJobs","status":"passed","title":"should record the job in listJobs","duration":0.4736000000000331,"failureMessages":[],"meta":{},"tags":[]},{"ancestorTitles":["JobRunner","startJob"],"fullName":"JobRunner startJob should set job status to done when process exits with code 0","status":"passed","title":"should set job status to done when process exits with code 0","duration":0.5135999999999967,"failureMessages":[],"meta":{},"tags":[]},{"ancestorTitles":["JobRunner","startJob"],"fullName":"JobRunner startJob should set job status to error when process exits with non-zero code","status":"passed","title":"should set job status to error when process exits with non-zero code","duration":0.30989999999997053,"failureMessages":[],"meta":{},"tags":[]},{"ancestorTitles":["JobRunner","cancelJob"],"fullName":"JobRunner cancelJob should return false for unknown jobId","status":"passed","title":"should return false for unknown jobId","duration":0.15159999999997353,"failureMessages":[],"meta":{},"tags":[]},{"ancestorTitles":["JobRunner","cancelJob"],"fullName":"JobRunner cancelJob should return false if job is already done","status":"passed","title":"should return false if job is already done","duration":0.6348999999999592,"failureMessages":[],"meta":{},"tags":[]},{"ancestorTitles":["JobRunner","cancelJob"],"fullName":"JobRunner cancelJob should cancel a running job and return true","status":"passed","title":"should cancel a running job and return true","duration":121.49290000000002,"failureMessages":[],"meta":{},"tags":[]},{"ancestorTitles":["JobRunner","cancelJob"],"fullName":"JobRunner cancelJob should prevent close handler from overwriting status to error after cancel","status":"passed","title":"should prevent close handler from overwriting status to error after cancel","duration":105.77499999999998,"failureMessages":[],"meta":{},"tags":[]},{"ancestorTitles":["JobRunner","cancelJob"],"fullName":"JobRunner cancelJob should send cancelled SSE event to connected clients","status":"passed","title":"should send cancelled SSE event to connected clients","duration":85.02409999999998,"failureMessages":[],"meta":{},"tags":[]},{"ancestorTitles":["JobRunner","cancelAll"],"fullName":"JobRunner cancelAll should cancel all running jobs","status":"passed","title":"should cancel all running jobs","duration":290.3126,"failureMessages":[],"meta":{},"tags":[]},{"ancestorTitles":["JobRunner","cancelAll"],"fullName":"JobRunner cancelAll should not affect already-finished jobs","status":"passed","title":"should not affect already-finished jobs","duration":155.43129999999996,"failureMessages":[],"meta":{},"tags":[]},{"ancestorTitles":["JobRunner","addSseClient"],"fullName":"JobRunner addSseClient should return false for unknown jobId","status":"passed","title":"should return false for unknown jobId","duration":0.2638999999999214,"failureMessages":[],"meta":{},"tags":[]},{"ancestorTitles":["JobRunner","addSseClient"],"fullName":"JobRunner addSseClient should return true and set SSE headers for a running job","status":"passed","title":"should return true and set SSE headers for a running job","duration":1.0653999999999542,"failureMessages":[],"meta":{},"tags":[]},{"ancestorTitles":["JobRunner","addSseClient"],"fullName":"JobRunner addSseClient should immediately send done event if job already completed","status":"passed","title":"should immediately send done event if job already completed","duration":0.3871999999998934,"failureMessages":[],"meta":{},"tags":[]},{"ancestorTitles":["JobRunner","listJobs"],"fullName":"JobRunner listJobs should not include prompt content in listJobs output","status":"passed","title":"should not include prompt content in listJobs output","duration":1.0126000000000204,"failureMessages":[],"meta":{},"tags":[]},{"ancestorTitles":["JobRunner","listJobs"],"fullName":"JobRunner listJobs should not include child process in listJobs output","status":"passed","title":"should not include child process in listJobs output","duration":0.9182000000000698,"failureMessages":[],"meta":{},"tags":[]}],"startTime":1773956586561,"endTime":1773956587330.9182,"status":"passed","message":"","name":"C:/Users/arman/Downloads/Test workflows/server/tests/JobRunner.test.js"},{"assertionResults":[{"ancestorTitles":["validateProjectPath","happy path"],"fullName":"validateProjectPath happy path should return the resolved absolute path for a valid path","status":"passed","title":"should return the resolved absolute path for a valid path","duration":1.1670000000000016,"failureMessages":[],"meta":{},"tags":[]},{"ancestorTitles":["validateProjectPath","happy path"],"fullName":"validateProjectPath happy path should resolve a relative path to an absolute path","status":"passed","title":"should resolve a relative path to an absolute path","duration":0.12360000000001037,"failureMessages":[],"meta":{},"tags":[]},{"ancestorTitles":["validateProjectPath","error cases"],"fullName":"validateProjectPath error cases should throw ApiError(400) for empty string","status":"passed","title":"should throw ApiError(400) for empty string","duration":0.23950000000002092,"failureMessages":[],"meta":{},"tags":[]},{"ancestorTitles":["validateProjectPath","error cases"],"fullName":"validateProjectPath error cases should throw ApiError(400) for whitespace-only string","status":"passed","title":"should throw ApiError(400) for whitespace-only string","duration":0.13590000000002078,"failureMessages":[],"meta":{},"tags":[]},{"ancestorTitles":["validateProjectPath","error cases"],"fullName":"validateProjectPath error cases should throw ApiError(400) for non-string input","status":"passed","title":"should throw ApiError(400) for non-string input","duration":0.13419999999999277,"failureMessages":[],"meta":{},"tags":[]},{"ancestorTitles":["validateClaudePath","happy path"],"fullName":"validateClaudePath happy path should accept a path inside one of the allowed base directories","status":"passed","title":"should accept a path inside one of the allowed base directories","duration":0.18799999999998818,"failureMessages":[],"meta":{},"tags":[]},{"ancestorTitles":["validateClaudePath","happy path"],"fullName":"validateClaudePath happy path should accept a deeply nested path inside an allowed base","status":"passed","title":"should accept a deeply nested path inside an allowed base","duration":0.12000000000000455,"failureMessages":[],"meta":{},"tags":[]},{"ancestorTitles":["validateClaudePath","happy path"],"fullName":"validateClaudePath happy path should accept the base directory path itself","status":"passed","title":"should accept the base directory path itself","duration":0.08120000000002392,"failureMessages":[],"meta":{},"tags":[]},{"ancestorTitles":["validateClaudePath","happy path"],"fullName":"validateClaudePath happy path should match against multiple allowed bases","status":"passed","title":"should match against multiple allowed bases","duration":0.3768000000000029,"failureMessages":[],"meta":{},"tags":[]},{"ancestorTitles":["validateClaudePath","path traversal rejection"],"fullName":"validateClaudePath path traversal rejection should reject ../../../etc/passwd style traversal","status":"passed","title":"should reject ../../../etc/passwd style traversal","duration":0.1553000000000111,"failureMessages":[],"meta":{},"tags":[]},{"ancestorTitles":["validateClaudePath","path traversal rejection"],"fullName":"validateClaudePath path traversal rejection should reject a path that shares a name prefix with the base (suffix attack)","status":"passed","title":"should reject a path that shares a name prefix with the base (suffix attack)","duration":0.13999999999998636,"failureMessages":[],"meta":{},"tags":[]},{"ancestorTitles":["validateClaudePath","path traversal rejection"],"fullName":"validateClaudePath path traversal rejection should reject a path outside all allowed directories","status":"passed","title":"should reject a path outside all allowed directories","duration":0.14349999999998886,"failureMessages":[],"meta":{},"tags":[]},{"ancestorTitles":["validateClaudePath","path traversal rejection"],"fullName":"validateClaudePath path traversal rejection should reject when allowedBaseDirs is empty","status":"passed","title":"should reject when allowedBaseDirs is empty","duration":0.07529999999999859,"failureMessages":[],"meta":{},"tags":[]},{"ancestorTitles":["ApiError"],"fullName":"ApiError should carry the correct statusCode","status":"passed","title":"should carry the correct statusCode","duration":0.11679999999998358,"failureMessages":[],"meta":{},"tags":[]},{"ancestorTitles":["ApiError"],"fullName":"ApiError should be an instance of Error","status":"passed","title":"should be an instance of Error","duration":0.10489999999998645,"failureMessages":[],"meta":{},"tags":[]}],"startTime":1773956586542,"endTime":1773956586546.1167,"status":"passed","message":"","name":"C:/Users/arman/Downloads/Test workflows/server/tests/pathValidation.test.js"},{"assertionResults":[{"ancestorTitles":["RingBuffer","constructor"],"fullName":"RingBuffer constructor should create a buffer with the specified capacity","status":"passed","title":"should create a buffer with the specified capacity","duration":1.4697999999999922,"failureMessages":[],"meta":{},"tags":[]},{"ancestorTitles":["RingBuffer","constructor"],"fullName":"RingBuffer constructor should default to 100 KB capacity","status":"passed","title":"should default to 100 KB capacity","duration":0.14820000000000277,"failureMessages":[],"meta":{},"tags":[]},{"ancestorTitles":["RingBuffer","constructor"],"fullName":"RingBuffer constructor should throw on non-integer capacity","status":"passed","title":"should throw on non-integer capacity","duration":0.19589999999999463,"failureMessages":[],"meta":{},"tags":[]},{"ancestorTitles":["RingBuffer","constructor"],"fullName":"RingBuffer constructor should throw on zero capacity","status":"passed","title":"should throw on zero capacity","duration":0.22809999999998354,"failureMessages":[],"meta":{},"tags":[]},{"ancestorTitles":["RingBuffer","constructor"],"fullName":"RingBuffer constructor should throw on negative capacity","status":"passed","title":"should throw on negative capacity","duration":0.24320000000000164,"failureMessages":[],"meta":{},"tags":[]},{"ancestorTitles":["RingBuffer","happy path — basic push and retrieve"],"fullName":"RingBuffer happy path — basic push and retrieve should push a string and retrieve it","status":"passed","title":"should push a string and retrieve it","duration":0.2336999999999989,"failureMessages":[],"meta":{},"tags":[]},{"ancestorTitles":["RingBuffer","happy path — basic push and retrieve"],"fullName":"RingBuffer happy path — basic push and retrieve should push a Buffer and retrieve it","status":"passed","title":"should push a Buffer and retrieve it","duration":0.18090000000000828,"failureMessages":[],"meta":{},"tags":[]},{"ancestorTitles":["RingBuffer","happy path — basic push and retrieve"],"fullName":"RingBuffer happy path — basic push and retrieve should push multiple times and retrieve all data in order","status":"passed","title":"should push multiple times and retrieve all data in order","duration":0.12479999999999336,"failureMessages":[],"meta":{},"tags":[]},{"ancestorTitles":["RingBuffer","happy path — basic push and retrieve"],"fullName":"RingBuffer happy path — basic push and retrieve should return empty buffer when nothing pushed","status":"passed","title":"should return empty buffer when nothing pushed","duration":0.30870000000001596,"failureMessages":[],"meta":{},"tags":[]},{"ancestorTitles":["RingBuffer","happy path — basic push and retrieve"],"fullName":"RingBuffer happy path — basic push and retrieve should ignore empty push","status":"passed","title":"should ignore empty push","duration":0.12630000000001473,"failureMessages":[],"meta":{},"tags":[]},{"ancestorTitles":["RingBuffer","wrap-around (overflow behaviour)"],"fullName":"RingBuffer wrap-around (overflow behaviour) should not exceed capacity when data overflows","status":"passed","title":"should not exceed capacity when data overflows","duration":0.1209999999999809,"failureMessages":[],"meta":{},"tags":[]},{"ancestorTitles":["RingBuffer","wrap-around (overflow behaviour)"],"fullName":"RingBuffer wrap-around (overflow behaviour) should discard oldest bytes when capacity is exceeded","status":"passed","title":"should discard oldest bytes when capacity is exceeded","duration":0.13670000000001892,"failureMessages":[],"meta":{},"tags":[]},{"ancestorTitles":["RingBuffer","wrap-around (overflow behaviour)"],"fullName":"RingBuffer wrap-around (overflow behaviour) should handle data larger than capacity — keeps only last N bytes","status":"passed","title":"should handle data larger than capacity — keeps only last N bytes","duration":0.08079999999998222,"failureMessages":[],"meta":{},"tags":[]},{"ancestorTitles":["RingBuffer","wrap-around (overflow behaviour)"],"fullName":"RingBuffer wrap-around (overflow behaviour) should produce correct content after wrap-around with multiple pushes","status":"passed","title":"should produce correct content after wrap-around with multiple pushes","duration":0.04970000000000141,"failureMessages":[],"meta":{},"tags":[]},{"ancestorTitles":["RingBuffer","wrap-around (overflow behaviour)"],"fullName":"RingBuffer wrap-around (overflow behaviour) should produce correct content after multiple wrap-arounds","status":"passed","title":"should produce correct content after multiple wrap-arounds","duration":0.055499999999995,"failureMessages":[],"meta":{},"tags":[]},{"ancestorTitles":["RingBuffer","clear()"],"fullName":"RingBuffer clear() should reset size to 0 after clear","status":"passed","title":"should reset size to 0 after clear","duration":0.13460000000000605,"failureMessages":[],"meta":{},"tags":[]},{"ancestorTitles":["RingBuffer","clear()"],"fullName":"RingBuffer clear() should allow fresh data after clear","status":"passed","title":"should allow fresh data after clear","duration":0.10779999999999745,"failureMessages":[],"meta":{},"tags":[]},{"ancestorTitles":["RingBuffer","getAll / toBuffer consistency"],"fullName":"RingBuffer getAll / toBuffer consistency should return identical result on two consecutive toBuffer() calls","status":"passed","title":"should return identical result on two consecutive toBuffer() calls","duration":0.09310000000002105,"failureMessages":[],"meta":{},"tags":[]},{"ancestorTitles":["RingBuffer","getAll / toBuffer consistency"],"fullName":"RingBuffer getAll / toBuffer consistency should not modify internal state when toBuffer is called","status":"passed","title":"should not modify internal state when toBuffer is called","duration":0.05179999999998586,"failureMessages":[],"meta":{},"tags":[]}],"startTime":1773956586601,"endTime":1773956586606.1345,"status":"passed","message":"","name":"C:/Users/arman/Downloads/Test workflows/server/tests/RingBuffer.test.js"},{"assertionResults":[{"ancestorTitles":["SessionManager","createSession"],"fullName":"SessionManager createSession should create a session and return it with correct shape","status":"passed","title":"should create a session and return it with correct shape","duration":767.2308999999999,"failureMessages":[],"meta":{},"tags":[]},{"ancestorTitles":["SessionManager","createSession"],"fullName":"SessionManager createSession should store the session in the internal map","status":"passed","title":"should store the session in the internal map","duration":549.2102,"failureMessages":[],"meta":{},"tags":[]},{"ancestorTitles":["SessionManager","createSession"],"fullName":"SessionManager createSession should give each session a unique sessionId","status":"passed","title":"should give each session a unique sessionId","duration":617.3786,"failureMessages":[],"meta":{},"tags":[]},{"ancestorTitles":["SessionManager","createSession"],"fullName":"SessionManager createSession should include the session in listSessions","status":"passed","title":"should include the session in listSessions","duration":550.6813000000002,"failureMessages":[],"meta":{},"tags":[]},{"ancestorTitles":["SessionManager","getSession"],"fullName":"SessionManager getSession should return undefined for an unknown sessionId","status":"passed","title":"should return undefined for an unknown sessionId","duration":0.2913000000003194,"failureMessages":[],"meta":{},"tags":[]},{"ancestorTitles":["SessionManager","getSession"],"fullName":"SessionManager getSession should return the correct session for a known sessionId","status":"passed","title":"should return the correct session for a known sessionId","duration":540.9070999999999,"failureMessages":[],"meta":{},"tags":[]},{"ancestorTitles":["SessionManager","listSessions"],"fullName":"SessionManager listSessions should return empty array when no sessions exist","status":"passed","title":"should return empty array when no sessions exist","duration":0.46649999999999636,"failureMessages":[],"meta":{},"tags":[]},{"ancestorTitles":["SessionManager","listSessions"],"fullName":"SessionManager listSessions should return all active sessions","status":"passed","title":"should return all active sessions","duration":660.8722000000002,"failureMessages":[],"meta":{},"tags":[]},{"ancestorTitles":["SessionManager","attachClient"],"fullName":"SessionManager attachClient should add a ws client to the session","status":"passed","title":"should add a ws client to the session","duration":567.3164999999999,"failureMessages":[],"meta":{},"tags":[]},{"ancestorTitles":["SessionManager","attachClient"],"fullName":"SessionManager attachClient should replay ring buffer content to newly attached client","status":"passed","title":"should replay ring buffer content to newly attached client","duration":529.3332,"failureMessages":[],"meta":{},"tags":[]},{"ancestorTitles":["SessionManager","attachClient"],"fullName":"SessionManager attachClient should do nothing for unknown sessionId","status":"passed","title":"should do nothing for unknown sessionId","duration":0.636000000000422,"failureMessages":[],"meta":{},"tags":[]},{"ancestorTitles":["SessionManager","detachClient"],"fullName":"SessionManager detachClient should remove the ws client from the session","status":"passed","title":"should remove the ws client from the session","duration":542.1741000000002,"failureMessages":[],"meta":{},"tags":[]},{"ancestorTitles":["SessionManager","detachClient"],"fullName":"SessionManager detachClient should keep the session alive after all clients detach (PTY persistence)","status":"passed","title":"should keep the session alive after all clients detach (PTY persistence)","duration":548.2572999999993,"failureMessages":[],"meta":{},"tags":[]},{"ancestorTitles":["SessionManager","writeInput"],"fullName":"SessionManager writeInput should write to the PTY and update lastActivityAt","status":"passed","title":"should write to the PTY and update lastActivityAt","duration":562.0111999999999,"failureMessages":[],"meta":{},"tags":[]},{"ancestorTitles":["SessionManager","writeInput"],"fullName":"SessionManager writeInput should do nothing for an unknown session","status":"passed","title":"should do nothing for an unknown session","duration":0.3568999999997686,"failureMessages":[],"meta":{},"tags":[]},{"ancestorTitles":["SessionManager","writeInput"],"fullName":"SessionManager writeInput should do nothing for a killed session","status":"passed","title":"should do nothing for a killed session","duration":542.9667,"failureMessages":[],"meta":{},"tags":[]},{"ancestorTitles":["SessionManager","killSession"],"fullName":"SessionManager killSession should remove the session from the map after killing","status":"passed","title":"should remove the session from the map after killing","duration":543.7846,"failureMessages":[],"meta":{},"tags":[]},{"ancestorTitles":["SessionManager","killSession"],"fullName":"SessionManager killSession should mark session as killed","status":"passed","title":"should mark session as killed","duration":525.7371000000003,"failureMessages":[],"meta":{},"tags":[]},{"ancestorTitles":["SessionManager","killSession"],"fullName":"SessionManager killSession should close all attached WebSocket clients when session is killed","status":"passed","title":"should close all attached WebSocket clients when session is killed","duration":585.0961000000007,"failureMessages":[],"meta":{},"tags":[]},{"ancestorTitles":["SessionManager","killSession"],"fullName":"SessionManager killSession should do nothing when sessionId does not exist","status":"passed","title":"should do nothing when sessionId does not exist","duration":0.6787999999996828,"failureMessages":[],"meta":{},"tags":[]},{"ancestorTitles":["SessionManager","PTY session persistence (tab switch simulation)"],"fullName":"SessionManager PTY session persistence (tab switch simulation) should retain ring buffer data when client disconnects and reconnects","status":"passed","title":"should retain ring buffer data when client disconnects and reconnects","duration":539.5306999999993,"failureMessages":[],"meta":{},"tags":[]},{"ancestorTitles":["SessionManager","session switching"],"fullName":"SessionManager session switching should support independent sessions for different projects","status":"passed","title":"should support independent sessions for different projects","duration":698.3593000000001,"failureMessages":[],"meta":{},"tags":[]}],"startTime":1773956586558,"endTime":1773956596432.3594,"status":"passed","message":"","name":"C:/Users/arman/Downloads/Test workflows/server/tests/SessionManager.test.js"}]}